current directory: /Users/killernova/Documents/others/ESP-Lab-Inventory-Manager-develop/path/ruby/2.6.0/gems/nokogiri-1.8.2/ext/nokogiri
/Users/killernova/.rvm/rubies/ruby-2.6.4/bin/ruby -I /Users/killernova/.rvm/rubies/ruby-2.6.4/lib/ruby/2.6.0 -r ./siteconf20191025-2813-2f080m.rb extconf.rb
checking if the C compiler accepts ... yes
checking if the C compiler accepts -Wno-error=unused-command-line-argument-hard-error-in-future... no
Building nokogiri using packaged libraries.
Using mini_portile version 2.3.0
Ignoring binding_of_caller-0.8.0 because its extensions are not built. Try: gem pristine binding_of_caller --version 0.8.0
Ignoring byebug-10.0.2 because its extensions are not built. Try: gem pristine byebug --version 10.0.2
Ignoring debug_inspector-0.0.3 because its extensions are not built. Try: gem pristine debug_inspector --version 0.0.3
Ignoring ffi-1.9.23 because its extensions are not built. Try: gem pristine ffi --version 1.9.23
Ignoring json-1.8.6 because its extensions are not built. Try: gem pristine json --version 1.8.6
Ignoring pg-0.21.0 because its extensions are not built. Try: gem pristine pg --version 0.21.0
Ignoring sqlite3-1.3.13 because its extensions are not built. Try: gem pristine sqlite3 --version 1.3.13
checking for iconv.h... yes
checking for gzdopen() in -lz... yes
checking for iconv using --with-opt-* flags... yes
************************************************************************
IMPORTANT NOTICE:

Building Nokogiri with a packaged version of libxml2-2.9.7.

Team Nokogiri will keep on doing their best to provide security
updates in a timely manner, but if this is a concern for you and want
to use the system library instead; abort this installation process and
reinstall nokogiri as follows:

    gem install nokogiri -- --use-system-libraries
        [--with-xml2-config=/path/to/xml2-config]
        [--with-xslt-config=/path/to/xslt-config]

If you are using Bundler, tell it to use the option:

    bundle config build.nokogiri --use-system-libraries
    bundle install

Note, however, that nokogiri is not fully compatible with arbitrary
versions of libxml2 provided by OS/package vendors.
************************************************************************
Extracting libxml2-2.9.7.tar.gz into tmp/x86_64-apple-darwin18.2.0/ports/libxml2/2.9.7... OK
Running 'configure' for libxml2 2.9.7... OK
Running 'compile' for libxml2 2.9.7... OK
Running 'install' for libxml2 2.9.7... OK
Activating libxml2 2.9.7 (from /Users/killernova/Documents/others/ESP-Lab-Inventory-Manager-develop/path/ruby/2.6.0/gems/nokogiri-1.8.2/ports/x86_64-apple-darwin18.2.0/libxml2/2.9.7)...
************************************************************************
IMPORTANT NOTICE:

Building Nokogiri with a packaged version of libxslt-1.1.32.

Team Nokogiri will keep on doing their best to provide security
updates in a timely manner, but if this is a concern for you and want
to use the system library instead; abort this installation process and
reinstall nokogiri as follows:

    gem install nokogiri -- --use-system-libraries
        [--with-xml2-config=/path/to/xml2-config]
        [--with-xslt-config=/path/to/xslt-config]

If you are using Bundler, tell it to use the option:

    bundle config build.nokogiri --use-system-libraries
    bundle install
************************************************************************
Extracting libxslt-1.1.32.tar.gz into tmp/x86_64-apple-darwin18.2.0/ports/libxslt/1.1.32... OK
Running 'configure' for libxslt 1.1.32... OK
Running 'compile' for libxslt 1.1.32... OK
Running 'install' for libxslt 1.1.32... OK
Activating libxslt 1.1.32 (from /Users/killernova/Documents/others/ESP-Lab-Inventory-Manager-develop/path/ruby/2.6.0/gems/nokogiri-1.8.2/ports/x86_64-apple-darwin18.2.0/libxslt/1.1.32)...
checking for -llzma... yes
checking for xmlParseDoc() in libxml/parser.h... yes
checking for xsltParseStylesheetDoc() in libxslt/xslt.h... yes
checking for exsltFuncRegister() in libexslt/exslt.h... yes
checking for xmlHasFeature()... yes
checking for xmlFirstElementChild()... yes
checking for xmlRelaxNGSetParserStructuredErrors()... yes
checking for xmlRelaxNGSetParserStructuredErrors()... yes
checking for xmlRelaxNGSetValidStructuredErrors()... yes
checking for xmlSchemaSetValidStructuredErrors()... yes
checking for xmlSchemaSetParserStructuredErrors()... yes
creating Makefile

current directory: /Users/killernova/Documents/others/ESP-Lab-Inventory-Manager-develop/path/ruby/2.6.0/gems/nokogiri-1.8.2/ext/nokogiri
make "DESTDIR=" clean

current directory: /Users/killernova/Documents/others/ESP-Lab-Inventory-Manager-develop/path/ruby/2.6.0/gems/nokogiri-1.8.2/ext/nokogiri
make "DESTDIR="
compiling html_document.c
html_document.c:16:28: warning: cast from 'const char *' to 'char *' drops const qualifier [-Wcast-qual]
  rb_scan_args(argc, argv, "0*", &rest);
                           ^
1 warning generated.
compiling html_element_description.c
html_element_description.c:252:48: warning: cast from 'const struct _htmlElemDesc *' to 'void *' drops const qualifier [-Wcast-qual]
  return Data_Wrap_Struct(klass, 0, 0, (void *)description);
                                               ^
1 warning generated.
compiling html_entity_lookup.c
compiling html_sax_parser_context.c
compiling html_sax_push_parser.c
compiling nokogiri.c
compiling xml_attr.c
xml_attr.c:58:28: warning: cast from 'const char *' to 'char *' drops const qualifier [-Wcast-qual]
  rb_scan_args(argc, argv, "2*", &document, &name, &rest);
                           ^
1 warning generated.
compiling xml_attribute_decl.c
compiling xml_cdata.c
xml_cdata.c:23:28: warning: cast from 'const char *' to 'char *' drops const qualifier [-Wcast-qual]
  rb_scan_args(argc, argv, "2*", &doc, &content, &rest);
                           ^
xml_cdata.c:28:56: warning: passing 'const xmlChar *' (aka 'const unsigned char *') to parameter of type 'const char *' converts between pointers to integer types with different sign [-Wpointer-sign]
  content_str_len = (content_str == NULL) ? 0 : strlen(content_str);
                                                       ^~~~~~~~~~~
/Library/Developer/CommandLineTools/SDKs/MacOSX10.14.sdk/usr/include/string.h:82:28: note: passing argument to parameter '__s' here
size_t   strlen(const char *__s);
                            ^
xml_cdata.c:28:49: warning: implicit conversion loses integer precision: 'unsigned long' to 'int' [-Wshorten-64-to-32]
  content_str_len = (content_str == NULL) ? 0 : strlen(content_str);
                  ~                             ^~~~~~~~~~~~~~~~~~~
3 warnings generated.
compiling xml_comment.c
xml_comment.c:21:28: warning: cast from 'const char *' to 'char *' drops const qualifier [-Wcast-qual]
  rb_scan_args(argc, argv, "2*", &document, &content, &rest);
                           ^
1 warning generated.
compiling xml_document.c
xml_document.c:182:21: warning: cast from 'const unsigned char *' to 'char *' drops const qualifier [-Wcast-qual]
      free((char *) doc->encoding); /* this may produce a gcc cast warning */
                    ^
xml_document.c:327:31: warning: cast from 'const char *' to 'char *' drops const qualifier [-Wcast-qual]
  if(rb_scan_args(argc, argv, "01", &level) == 0)
                              ^
xml_document.c:354:28: warning: cast from 'const char *' to 'char *' drops const qualifier [-Wcast-qual]
  rb_scan_args(argc, argv, "0*", &rest);
                           ^
xml_document.c:433:28: warning: cast from 'const char *' to 'char *' drops const qualifier [-Wcast-qual]
  rb_scan_args(argc, argv, "14", &name, &type, &external_id, &system_id,
                           ^
xml_document.c:508:28: warning: cast from 'const char *' to 'char *' drops const qualifier [-Wcast-qual]
  rb_scan_args(argc, argv, "03", &mode, &incl_ns, &with_comments);
                           ^
xml_document.c:535:26: warning: cast from 'const char *' to 'unsigned char *' drops const qualifier [-Wcast-qual]
      ns[i] = (xmlChar*) ptr;
                         ^
6 warnings generated.
compiling xml_document_fragment.c
xml_document_fragment.c:17:28: warning: cast from 'const char *' to 'char *' drops const qualifier [-Wcast-qual]
  rb_scan_args(argc, argv, "1*", &document, &rest);
                           ^
1 warning generated.
compiling xml_dtd.c
compiling xml_element_content.c
compiling xml_element_decl.c
compiling xml_encoding_handler.c
compiling xml_entity_decl.c
compiling xml_entity_reference.c
xml_entity_reference.c:18:28: warning: cast from 'const char *' to 'char *' drops const qualifier [-Wcast-qual]
  rb_scan_args(argc, argv, "2*", &document, &name, &rest);
                           ^
1 warning generated.
compiling xml_io.c
compiling xml_libxml2_hacks.c
compiling xml_namespace.c
xml_namespace.c:17:24: warning: cast from 'const unsigned char *' to 'unsigned char *' drops const qualifier [-Wcast-qual]
    xmlFree((xmlChar *)ns->href);
                       ^
xml_namespace.c:20:24: warning: cast from 'const unsigned char *' to 'unsigned char *' drops const qualifier [-Wcast-qual]
    xmlFree((xmlChar *)ns->prefix);
                       ^
xml_namespace.c:67:49: warning: incompatible pointer types passing 'struct _xmlNs *' to parameter of type 'xmlNodePtr' (aka 'struct _xmlNode *') [-Wincompatible-pointer-types]
  return (node->next && ! Nokogiri_namespace_eh(node->next));
                                                ^~~~~~~~~~
xml_namespace.c:27:38: note: passing argument to parameter 'node' here
int Nokogiri_namespace_eh(xmlNodePtr node)
                                     ^
3 warnings generated.
compiling xml_node.c
xml_node.c:170:15: warning: 14 enumeration values not handled in switch: 'XML_ATTRIBUTE_NODE', 'XML_ENTITY_NODE', 'XML_DOCUMENT_NODE'... [-Wswitch]
      switch (reparentee->type) {
              ^
xml_node.c:170:15: note: add missing switch cases
      switch (reparentee->type) {
              ^
xml_node.c:188:15: warning: 15 enumeration values not handled in switch: 'XML_ATTRIBUTE_NODE', 'XML_ENTITY_NODE', 'XML_DOCUMENT_NODE'... [-Wswitch]
      switch (reparentee->type) {
              ^
xml_node.c:188:15: note: add missing switch cases
      switch (reparentee->type) {
              ^
xml_node.c:199:15: warning: 19 enumeration values not handled in switch: 'XML_ELEMENT_NODE', 'XML_ATTRIBUTE_NODE', 'XML_CDATA_SECTION_NODE'... [-Wswitch]
      switch (reparentee->type) {
              ^
xml_node.c:199:15: note: add missing switch cases
      switch (reparentee->type) {
              ^
xml_node.c:167:13: warning: 14 enumeration values not handled in switch: 'XML_CDATA_SECTION_NODE', 'XML_ENTITY_NODE', 'XML_PI_NODE'... [-Wswitch]
    switch (parent->type) {
            ^
xml_node.c:167:13: note: add missing switch cases
    switch (parent->type) {
            ^
xml_node.c:501:31: warning: cast from 'const char *' to 'char *' drops const qualifier [-Wcast-qual]
  if(rb_scan_args(argc, argv, "01", &level) == 0)
                              ^
xml_node.c:847:22: warning: cast from 'const unsigned char *' to 'unsigned char *' drops const qualifier [-Wcast-qual]
  colon = (xmlChar *)xmlStrchr(attribute, (const xmlChar)':');
                     ^
xml_node.c:865:19: warning: cast from 'const unsigned char *' to 'void *' drops const qualifier [-Wcast-qual]
  xmlFree((void *)attribute);
                  ^
xml_node.c:869:19: warning: cast from 'const unsigned char *' to 'void *' drops const qualifier [-Wcast-qual]
  xmlFree((void *)value);
                  ^
xml_node.c:1327:28: warning: cast from 'const char *' to 'char *' drops const qualifier [-Wcast-qual]
  rb_scan_args(argc, argv, "2*", &name, &document, &rest);
                           ^
9 warnings generated.
compiling xml_node_set.c
xml_node_set.c:293:30: warning: cast from 'const char *' to 'char *' drops const qualifier [-Wcast-qual]
    rb_scan_args(argc, argv, "11", NULL, NULL);
                             ^
1 warning generated.
compiling xml_processing_instruction.c
xml_processing_instruction.c:20:28: warning: cast from 'const char *' to 'char *' drops const qualifier [-Wcast-qual]
  rb_scan_args(argc, argv, "3*", &document, &name, &content, &rest);
                           ^
1 warning generated.
compiling xml_reader.c
xml_reader.c:533:28: warning: cast from 'const char *' to 'char *' drops const qualifier [-Wcast-qual]
  rb_scan_args(argc, argv, "13", &rb_buffer, &rb_url, &encoding, &rb_options);
                           ^
xml_reader.c:577:28: warning: cast from 'const char *' to 'char *' drops const qualifier [-Wcast-qual]
  rb_scan_args(argc, argv, "13", &rb_io, &rb_url, &encoding, &rb_options);
                           ^
2 warnings generated.
compiling xml_relax_ng.c
compiling xml_sax_parser.c
compiling xml_sax_parser_context.c
compiling xml_sax_push_parser.c
compiling xml_schema.c
compiling xml_syntax_error.c
compiling xml_text.c
xml_text.c:18:28: warning: cast from 'const char *' to 'char *' drops const qualifier [-Wcast-qual]
  rb_scan_args(argc, argv, "2*", &string, &document, &rest);
                           ^
1 warning generated.
compiling xml_xpath_context.c
xml_xpath_context.c:200:31: warning: cast from 'const char *' to 'char *' drops const qualifier [-Wcast-qual]
  if(rb_scan_args(argc, argv, "11", &search_path, &xpath_handler) == 1)
                              ^
1 warning generated.
compiling xslt_stylesheet.c
xslt_stylesheet.c:141:30: warning: cast from 'const char *' to 'char *' drops const qualifier [-Wcast-qual]
    rb_scan_args(argc, argv, "11", &xmldoc, &paramobj);
                             ^
xslt_stylesheet.c:217:21: warning: incompatible pointer to integer conversion passing 'void *' to parameter of type 'VALUE' (aka 'unsigned long') [-Wint-conversion]
    Data_Get_Struct(ctxt->style->_private, nokogiriXsltStylesheetTuple,
                    ^~~~~~~~~~~~~~~~~~~~~
/Users/killernova/.rvm/rubies/ruby-2.6.4/include/ruby-2.6.0/ruby/ruby.h:1237:41: note: expanded from macro 'Data_Get_Struct'
    ((sval) = (type*)rb_data_object_get(obj))
                                        ^~~
/Users/killernova/.rvm/rubies/ruby-2.6.4/include/ruby-2.6.0/ruby/ruby.h:1408:26: note: passing argument to parameter 'obj' here
rb_data_object_get(VALUE obj)
                         ^
xslt_stylesheet.c:230:21: warning: incompatible pointer to integer conversion passing 'void *' to parameter of type 'VALUE' (aka 'unsigned long') [-Wint-conversion]
    Data_Get_Struct(ctxt->style->_private, nokogiriXsltStylesheetTuple,
                    ^~~~~~~~~~~~~~~~~~~~~
/Users/killernova/.rvm/rubies/ruby-2.6.4/include/ruby-2.6.0/ruby/ruby.h:1237:41: note: expanded from macro 'Data_Get_Struct'
    ((sval) = (type*)rb_data_object_get(obj))
                                        ^~~
/Users/killernova/.rvm/rubies/ruby-2.6.4/include/ruby-2.6.0/ruby/ruby.h:1408:26: note: passing argument to parameter 'obj' here
rb_data_object_get(VALUE obj)
                         ^
3 warnings generated.
linking shared-object nokogiri/nokogiri.bundle
Cleaning files only used during build.
rm -rf /Users/killernova/Documents/others/ESP-Lab-Inventory-Manager-develop/path/ruby/2.6.0/gems/nokogiri-1.8.2/ext/nokogiri/tmp/x86_64-apple-darwin18.2.0/ports
rm -rf /Users/killernova/Documents/others/ESP-Lab-Inventory-Manager-develop/path/ruby/2.6.0/gems/nokogiri-1.8.2/ports

current directory: /Users/killernova/Documents/others/ESP-Lab-Inventory-Manager-develop/path/ruby/2.6.0/gems/nokogiri-1.8.2/ext/nokogiri
make "DESTDIR=" install
/usr/local/opt/coreutils/bin/ginstall -c -m 0755 nokogiri.bundle ./.gem.20191025-2813-1bfojxz/nokogiri
